2024-07-26 17:15:41,508 - INFO - logger - overwriting cache
2024-07-26 17:15:50,031 - INFO - logger - Processed P46527-1 in 7.9706711769104 seconds
2024-07-26 17:15:50,034 - INFO - logger - Hit checkpoint at index 0
2024-07-26 17:15:50,034 - INFO - logger - API calls 1
2024-07-26 17:15:50,034 - INFO - logger - cache hits 99
2024-07-26 17:15:50,034 - INFO - logger - ============================================
2024-07-26 17:16:08,062 - INFO - logger - Processed P49736-1 in 18.024948120117188 seconds
2024-07-26 17:16:16,782 - INFO - logger - Processed Q01167-1 in 26.742882251739502 seconds
2024-07-26 17:16:17,102 - INFO - logger - Processed Q92819-1 in 27.060669898986816 seconds
2024-07-26 17:16:19,853 - INFO - logger - Processed P05412-1 in 29.818052053451538 seconds
2024-07-26 17:16:23,427 - INFO - logger - Processed Q53ET0-1 in 33.385623931884766 seconds
2024-07-26 17:16:27,759 - INFO - logger - Processed P31749-1 in 37.72450613975525 seconds
2024-07-26 17:16:30,409 - INFO - logger - Processed P16104-1 in 40.36921310424805 seconds
2024-07-26 17:16:30,641 - INFO - logger - Processed P05787-1 in 40.606332778930664 seconds
2024-07-26 17:16:32,448 - INFO - logger - Processed P63104-1 in 42.4108247756958 seconds
2024-07-26 17:16:34,473 - INFO - logger - Processed P31749-1 in 26.4079909324646 seconds
2024-07-26 17:16:40,519 - INFO - logger - Processed O15530-1 in 23.735594987869263 seconds
2024-07-26 17:16:41,721 - INFO - logger - Processed Q53ET0-1 in 51.68453407287598 seconds
2024-07-26 17:16:47,578 - INFO - logger - Processed P08047-1 in 24.148921966552734 seconds
2024-07-26 17:16:53,466 - INFO - logger - Processed O15530-1 in 33.609297037124634 seconds
2024-07-26 17:16:55,945 - INFO - logger - Processed Q15648-1 in 28.177648067474365 seconds
2024-07-26 17:16:59,560 - INFO - logger - Processed P05783-1 in 19.038246154785156 seconds
2024-07-26 17:17:00,636 - INFO - logger - Processed P05783-1 in 26.15628409385681 seconds
2024-07-26 17:17:01,721 - INFO - logger - Processed O15055-1 in 31.308233976364136 seconds
2024-07-26 17:17:04,702 - INFO - logger - Processed P05783-1 in 47.59855008125305 seconds
2024-07-26 17:17:06,533 - INFO - logger - Processed P06748-1 in 35.88900899887085 seconds
2024-07-26 17:17:09,817 - INFO - logger - Processed P02545-1 in 37.36693215370178 seconds
2024-07-26 17:17:13,370 - INFO - logger - Processed Q16555-1 in 25.789611101150513 seconds
2024-07-26 17:17:18,577 - INFO - logger - Processed P05783-1 in 36.85269618034363 seconds
2024-07-26 17:17:21,494 - INFO - logger - Processed P11388-1 in 19.77031397819519 seconds
2024-07-26 17:17:21,639 - INFO - logger - Processed O94811-1 in 28.16972303390503 seconds
2024-07-26 17:17:23,597 - INFO - logger - Processed P27816-1 in 22.959100008010864 seconds
2024-07-26 17:17:25,802 - INFO - logger - Processed P04004-1 in 29.855018138885498 seconds
2024-07-26 17:17:26,445 - INFO - logger - Processed P46937-1 in 26.883018016815186 seconds
2024-07-26 17:17:32,655 - INFO - logger - Processed P01112-1 in 19.283787965774536 seconds
2024-07-26 17:17:36,372 - INFO - logger - Processed O75533-1 in 29.837239980697632 seconds
2024-07-26 17:17:41,900 - INFO - logger - Processed P05783-1 in 20.25984787940979 seconds
2024-07-26 17:17:43,128 - INFO - logger - Processed Q8N122-1 in 38.424859046936035 seconds
2024-07-26 17:17:48,595 - INFO - logger - Processed Q14980-1 in 22.79047203063965 seconds
2024-07-26 17:17:49,328 - INFO - logger - Processed Q76LX8-1 in 22.88036012649536 seconds
2024-07-26 17:17:49,519 - INFO - logger - Processed Q8NB16-1 in 28.022432804107666 seconds
2024-07-26 17:17:52,928 - INFO - logger - Processed P05783-1 in 34.350059032440186 seconds
2024-07-26 17:17:57,123 - INFO - logger - Processed Q13247-1 in 47.30279207229614 seconds
2024-07-26 17:17:59,854 - INFO - logger - Processed Q9Y4P1-1 in 36.2530460357666 seconds
2024-07-26 17:18:03,181 - INFO - logger - Processed P00749-1 in 21.27883791923523 seconds
2024-07-26 17:18:09,431 - INFO - logger - Processed Q32P44-1 in 26.29993176460266 seconds
2024-07-26 17:18:09,508 - INFO - logger - Processed Q86U90-1 in 36.84941506385803 seconds
2024-07-26 17:18:13,057 - INFO - logger - Processed Q6PKG0-1 in 20.12362790107727 seconds
2024-07-26 17:18:13,378 - INFO - logger - Processed Q9Y5L2-1 in 37.00297689437866 seconds
2024-07-26 17:18:17,312 - INFO - logger - Processed P22314-1 in 27.790687084197998 seconds
2024-07-26 17:18:18,481 - INFO - logger - Processed P05783-1 in 29.884570837020874 seconds
2024-07-26 17:18:23,764 - INFO - logger - Processed P05412-1 in 34.43425893783569 seconds
2024-07-26 17:18:27,039 - INFO - logger - Processed P05783-1 in 29.914412021636963 seconds
2024-07-26 17:18:28,328 - INFO - logger - Processed P05783-1 in 25.144309997558594 seconds
2024-07-26 17:18:34,707 - INFO - logger - Processed Q8N122-1 in 25.197030305862427 seconds
2024-07-26 17:18:36,232 - INFO - logger - Processed P14923-1 in 26.7986159324646 seconds
2024-07-26 17:18:40,592 - INFO - logger - Processed P10909-1 in 27.533024072647095 seconds
2024-07-26 17:18:43,543 - INFO - logger - Processed P05783-1 in 43.68509387969971 seconds
2024-07-26 17:18:49,668 - INFO - logger - Processed P17050-1 in 25.90026617050171 seconds
2024-07-26 17:18:49,907 - INFO - logger - Processed P01215-1 in 32.59287405014038 seconds
2024-07-26 17:18:50,250 - INFO - logger - Processed P10909-1 in 36.870508909225464 seconds
2024-07-26 17:18:52,375 - INFO - logger - Processed P31749-1 in 25.332654237747192 seconds
2024-07-26 17:19:05,167 - INFO - logger - Processed P68431-1 in 24.570631980895996 seconds
2024-07-26 17:19:05,751 - INFO - logger - Processed P07498-1 in 22.205721855163574 seconds
2024-07-26 17:19:06,312 - INFO - logger - Processed P55058-1 in 30.077086925506592 seconds
2024-07-26 17:19:06,955 - INFO - logger - Processed P40763-1 in 38.62447929382324 seconds
2024-07-26 17:19:07,315 - INFO - logger - Processed Q14766-1 in 48.82989692687988 seconds
2024-07-26 17:19:12,462 - INFO - logger - Processed P02765-1 in 22.789199113845825 seconds
2024-07-26 17:19:13,384 - INFO - logger - Processed P84243-1 in 23.468957901000977 seconds
2024-07-26 17:19:13,569 - INFO - logger - Processed P68431-1 in 38.8588547706604 seconds
2024-07-26 17:19:17,630 - INFO - logger - Processed P12259-1 in 27.376652002334595 seconds
2024-07-26 17:19:28,698 - INFO - logger - Processed P08670-1 in 22.942950010299683 seconds
2024-07-26 17:19:31,165 - INFO - logger - Processed P02656-1 in 38.77860879898071 seconds
2024-07-26 17:19:35,263 - INFO - logger - Processed P68431-1 in 21.689268827438354 seconds
2024-07-26 17:19:35,470 - INFO - logger - Processed P35222-1 in 29.155917167663574 seconds
2024-07-26 17:19:36,398 - INFO - logger - Processed P35568-1 in 23.916745901107788 seconds
2024-07-26 17:19:39,850 - INFO - logger - Processed P10451-1 in 22.216165781021118 seconds
2024-07-26 17:19:44,836 - INFO - logger - Processed P35222-1 in 37.51532864570618 seconds
2024-07-26 17:19:45,189 - INFO - logger - Processed P08670-1 in 31.799297094345093 seconds
2024-07-26 17:19:50,036 - INFO - logger - Processed P0DN86-1 in 44.863385915756226 seconds
2024-07-26 17:19:52,968 - INFO - logger - Processed P35222-1 in 24.265146017074585 seconds
2024-07-26 17:19:54,082 - INFO - logger - Processed P29474-1 in 47.10110116004944 seconds
2024-07-26 17:19:58,799 - INFO - logger - Processed P12259-1 in 23.32262921333313 seconds
2024-07-26 17:20:01,028 - INFO - logger - Processed P18031-1 in 21.176034927368164 seconds
2024-07-26 17:20:04,350 - INFO - logger - Processed P02649-1 in 29.045963048934937 seconds
2024-07-26 17:20:04,585 - INFO - logger - Processed P08670-1 in 19.74108099937439 seconds
2024-07-26 17:20:05,406 - INFO - logger - Processed P46100-1 in 29.003509998321533 seconds
2024-07-26 17:20:11,485 - INFO - logger - Processed Q15149-1 in 40.31631803512573 seconds
2024-07-26 17:20:15,792 - INFO - logger - Processed P02649-1 in 16.98679494857788 seconds
2024-07-26 17:20:26,861 - INFO - logger - Processed P62805-1 in 32.75860095024109 seconds
2024-07-26 17:20:29,886 - INFO - logger - Processed P0DN86-1 in 44.692755937576294 seconds
2024-07-26 17:20:38,762 - INFO - logger - Processed Q13263-1 in 48.723138093948364 seconds
2024-07-26 17:20:42,104 - INFO - logger - Processed P21359-1 in 37.74087405204773 seconds
2024-07-26 17:20:44,082 - INFO - logger - Processed P68871-1 in 39.48019003868103 seconds
2024-07-26 17:20:44,082 - INFO - logger - Processed A2RRP1-1 in 51.10780906677246 seconds
2024-07-26 17:20:44,835 - INFO - logger - Processed Q14112-1 in 43.80304217338562 seconds
2024-07-26 17:20:46,281 - INFO - logger - Processed Q86X29-1 in 40.87115812301636 seconds
2024-07-26 17:20:48,914 - INFO - logger - Processed Q15750-1 in 37.422975063323975 seconds
2024-07-26 17:20:55,386 - INFO - logger - Processed Q9WV60-1 in 28.514781951904297 seconds
2024-07-26 17:20:56,966 - INFO - logger - Processed P49841-1 in 41.169331789016724 seconds
2024-07-26 17:20:57,566 - INFO - logger - Processed P46100-1 in 27.63730001449585 seconds
2024-07-26 17:20:58,295 - INFO - logger - Processed O43157-1 in 19.52890396118164 seconds
2024-07-26 17:20:59,569 - INFO - logger - Processed Q8WXI7-1 in 15.483045816421509 seconds
2024-07-26 17:21:00,711 - INFO - logger - Processed P03372-1 in 18.602586269378662 seconds
